1111110100100101011111010
0011111100010101101100111
0000101000100010111111001
0101100100011100001101111
0011010101001110101111100
1111000110010101001100000
0010010001111011000101100
0000110000110011110000001
1100110000001101001001111
0010011100011110101011001
1000110001001100011000011
0101000101010000001000111
1110110111010110111101101
0001010111100011011110111
1111100101001010100000000
0001000100110010111100111
0111100011001000100111101
0010010001010101010001001
0001101100000011010110001
0101000010001101110000011
0101110011001011110100111
1000011110001100000001010
1010000101011001101101001
1100110111110011011000001
0101000001010001111000001
1000010100010110100100110
1110100101100100011110111
0000100100111111001110010
0111111000011000111011110
1001000101011111101011001
1000000011111111101110000
0110011101011101001000010
1001101010100110111010011
1111100010101110101101000
0001011010100010110101111
0111001101000111111111100
1001011110110110100101001
0010110111110100011000111
1101010010010010011100000
1100101011000010001100100
1011001101000100001111111
0010001110011110000100000
0110111110011001001001001
1111000100010001011100111
1101010111000011101110100
1011100000011010101010001
1110100011101110010101101
0010111111000001011111100
1001111110001011101100111
1110111000110101000101110
0010010011000100101110010
0100111011000100101011001
0111000000110010001001111
1110011110010000111011101
0101001001100011001011000
0001111110001000100011111
0110101010010100111100001
1001001100100000010100010
1000100111001000110000110
1010001000010011000000111
1100101101100111110100100
1000010110001001001110110
1101100110001011101100001
0001010101110001011111110
