1011010111000000001101110
1010101111101011001011001
1111100010011010011010101
1110101110011000110111110
0000111110010100000110000
1100101010011110010111000
0011111111101011000101001
0001111100000111000110100
1110011010110011111110101
1111101011010010101011001
0101011110000011000111001
1101010011010001010100111
0101000110010100010110110
0010100110101101100001011
1110100010001001011011101
1111101000001001000011000
0110111110010001010011100
1001011010000110111000101
1010000011010100001100110
1110010010001000010010111
0011111011000001100110000
0100111111110100110101000
0001110100111001011000011
1001110101100001001001001
1010110101001011101111101
0101011000011001100000111
0010110100011001011010100
1100011110000100100010010
1001110100011001101000000
0110111111010000100000100
0011101101001011100010110
1101111101011011110001110
0101010011100110111011100
0010111111101001000011111
1011001111101111011001100
0011111000110000100111000
0010000011110011001111100
1110001001001100111110111
0010011101001100001001101
0011011011001010000101000
1011001110010101000111110
1010101100100011000011110
0110000010110000111111111
1110001011101001000101000
1111000111111011101001001
0110010101110001110100001
1000100111110100010001000
1010000111010100000100001
1101010001011000000110100
1000110011000101110110001
0110100011000100010010000
0011010100110001000001010
0011100001000111011000111
0111000101110011000101010
1011010111111110110010010
1000001011110101101110010
0010111001000111010001011
0001101010111000111010101
0010101001001011100100001
0101101010010011100101010
1101011100110110100000100
1001000101110111001110111
0011010101000000101110100
1010000011000001001011101
