0000010111110011011001001
1000111111000001011111110
0100011101111010100010010
1100011111101010110110100
0100011011101001010101010
0101000000110110101111101
0110010010110010100001011
0110110001101000011111000
0011111111110000111101001
1111111110011101011100101
1101001100110001110100001
0000110010111000010011010
0010000010101111100000000
0100011111101100010011010
1000001000111100010111000
1101011001010010000111100
1101100101111111111100001
0010011000100001010011110
1001010000010111100010011
1101011110101111100101110
1000010010011001100100100
0010011011011001101011110
1110101100110100100000010
1001111000011010100100111
0000111101011101011000000
1101100010001101010110101
1101111010010010011011011
0110101000010010001011010
1101110010011010011000111
1011100110000011000010001
0110011001101100111001000
0011101101111001110100011
0011100001001000000000001
0001101111111100110110011
1110110101101001001001001
1111000010011110100101100
1011001101111000110001100
1100000010110010111101001
0000001100100010111111001
1101001000111010011111100
0000011010100001111100011
0000011011011010010110000
1100011101110011100010000
1100000001000110110010011
1010111111100100110100100
1110101100110111101000010
1011011101100001011011110
1001010011001000110010010
1010101010111101110001011
1001011011000000001000000
1001110110111110011110100
0100111110110100111111011
1111101101111011010110111
0100110100111001010101100
0111111110001000101001011
1110101111110011010010111
0101100010010011001000001
1010011001100011000010100
0111011000010011011011001
0110010011010101011101100
0110000111000001001100110
0111100001100000101110111
0110100000101111011101110
1010100011000011010000010
