001100000011010011011010
101110011100100110001111
000110111110000100011011
011011100000011010000111
100111101011000110000110
101101000110111100100111
111001100010111111010001
010111010011110110000101
000111111010101110000001
001100011100111111001010
100010111101100110100010
010110111110101001100100
110100001110001101011111
110101011111111100101101
111101100100101001110001
001000100000100001001010
100111001001010011110010
000011111011011101010011
000011100001011111111011
001111000001110111001010
110100000001101111110110
001011011111000010001111
100011000000100000011100
100101011100001101000111
100110110010110000101010
110100110000010000011100
000111011101000111100110
111001000011000100100110
100101010101011100100010
110101100100110010100011
100000110010010100101010
111011010010101010100011
001100001011101011011100
000110100111010100011111
001100101100001011001110
000100000000011010000111
001101010000101100010001
010010011101010010001011
000110111010011001100011
000110000101010010101101
111001001110110101000100
000111100011111000111000
011111010000000000001111
000011100100110110110100
010001001100011100100010
101001011100000001101100
111011100101000100100100
110010001100000101011010
111010011000010100101111
101100011001001101011101
110101111101011111111011
111110111010110111101101
110001111100111000110000
110111100111001000100110
010001111110101111010110
000100011001000010100110
101101001111100011110110
100000001000100110010001
010100110111100000011111
101001100010110110110011
010010101110101000000101
000100010010000100000010
001100010010001010110000
111110110000100110000111
