0111010010100110101001110
0101001111001010000011101
1111001110111110101100010
1010100100101000100000101
0110100100001101000010001
1101010111101100000011110
0101000011110000101001100
0101000100011100010011111
0011001100100010111100110
1100100101110011101100010
0001100110001001011101110
1101100100001110010000011
1011000010000100100000111
0111000000011011110011111
0010010001110110010001100
1100100011111010111111001
1101110001101010111010000
1111000101110010011010111
0100101001011111000101110
0100100000100100111010010
1010001100011110100100100
0101100010000100011010011
0111001100100000110011110
1001001110110001011101111
1101010100110100001001011
1011010100111111011101101
1110110110100111000100110
1010010010101111011001001
1111100001101100111100111
0010000010100011111000000
0010011101111001111000100
1010011100000100000001011
1101000000110101110011110
1000110011000000001001100
1011000011001101011110110
1010100000110101001101001
0001010111001101100110101
0000111011101100001011101
1111000010001001111001100
0111111011001000110100001
1111101110000101001000110
0001110010010110010011100
1101011001010011100000010
1010011011100101011100011
1111001111001101011010000
0111011111110101111110000
0010111111000100110001100
1111011000100000110110110
0100011001011110110000101
0101011010010010011101111
0011100000011011101010010
0100011000010110111010101
0101001001000101111100101
0001100100100111111011001
0011001110101100011101010
1100110111011011110100000
1100010100001000101100001
0100100011000111010011111
1001101101100100010000110
1000100000100001101011110
1001100000100001111011101
1010000011001111100001001
1100111011101000101100101
1111100011101000110011000
