1100011100011001111000101
1100110110000100101011011
1001011111100100001100010
0001010101100100100100111
0101000110110101000110110
1101111101010010001011101
1100000001011101101011100
1111010110010010001011001
1111110111101001000010011
0001010110011110001110001
0101110000000100111010000
1110000001110110000011110
1010110101111110011111001
1101110111100001010000001
1001111011011001110111100
1100110001110111101001110
0010010100010101001010100
1010111001111010011100111
1101110100110011100000011
1001011110101110110111001
1001001100100000010111001
0101011111111011011010000
1101100010111110111101100
0010111000001001111011010
0010011001011100111011111
0101011010110001001000010
1010010111001110111000010
0110011001000110100010100
1010111000000000111100000
1101110110001101000111111
1110100001010001010110000
1111001011011001101001001
0010001111111001011001011
1111001100001111110111000
0110111101010101011000100
0111111100011000000010011
1001000100010101111010110
1011101100110011000111001
1001111011110001111000001
0101001101110001000111001
1010111010111100000000111
0001011110111100010100110
0001001011111111101011011
1000001000011101010111000
1111011000000000011000111
0110101100111011101011010
1011010010011101101101110
1101101111011101010011001
1010000011000101010111011
0011001001101110010100101
0111010011110101100101000
0101000101101011011011000
0000101110111001111000110
0100001010011101101011010
0010101010010110000011110
0011001000000001111011011
0000111100100100110110111
0111001110101110101010010
1110110000111110110001010
1000110010001111001011001
0011111010101000111100100
1001001111010010111001001
1011001110100111010000010
1111011111110100101010001
