0000010110110000111100111
1000110101111101110110011
1000100011111100010010111
0100101000110010110111010
1011100100111010101000000
1100100001110000001101010
0110110110101001110010010
1100011101000101011000000
1000011101110100000111101
0101110000110111100111101
0001111110100100100000110
0110000101101000111101011
0100110101110100011011000
1001010010011111011000101
1000011011111001011001001
1000011001100001110000001
1000101100001001100010011
0000010100110011101111111
1001101101010111111011011
0000111001010110101101100
0010000010111100101111001
1000011101010101001001100
1110100000001001110010010
1001110000001100000001110
1100111100011000011100000
1001011100001100101000011
1101011100000111110110111
1101110001000010001101001
1000000001110111111010110
1001010101100010011010101
0011110010001100111011100
1110101001100111010100000
0011110010100100110011000
0010101100000100001011010
1101110110101000011100000
0101100111110100010100010
1011011100101000101111100
0110000001110101011001000
0001100101110110101001000
0010100000000111111000000
0101110000111010110011110
0100100001011010001110001
1011101110111111010010011
0111001110100101010100000
1001000101100010011011010
0011100001000111101001000
1000011101110010101100110
0110110001001110101000110
0010010100101110010111111
0110101111101001100100001
0101111001110101011100001
0010101011111100101100001
1011011111011001000100000
1111010000101101110111111
0010100011001011111111000
0111010011111101110001001
0000011010000001010011100
1011010110001111101011011
1100000011010100100110100
1101010011100111111100000
0001010111111011110100010
1111000011001111011010101
1010100001100111011110010
1000110011011110100100100
