0000111100111100001111101
1000101110111110111101101
1110101011100001010011111
0110101110110110111110111
0010100111001111010010100
1111111000000010111000011
1011110000110110011110000
0111010001010001000110011
0000110100110011101100001
1000011101101101101010001
1001010111000111011100010
0110011100011100101110101
0111011010100100101110111
1111011000000001011011110
0001111100011001000110000
1101101010011011011110101
0110010100110101010000111
1001000000110001000011000
1001111010110100110110110
1111110010001110011100001
0101001110000101111001111
1101101001111000010110000
1101010111110101001111101
1001011010101111010111111
1110101011110100101000011
1001101000010100111011100
1111010011100000001100100
1001100011011000100010110
0110111000110111001011010
1110010011011001100101100
1111101111001001000010100
0001000001010010101110000
1000100000000011000001101
1001001101100110010110111
0001011010000001101110011
1001011111110001101000100
0110001011100001111011100
0110111010011100101101011
1000111001111111001111111
0000001011000111110100000
1011111001101001000001111
1011011010011100110111100
1010010110100111101011100
1111111010111010010000100
1100011100110111100100011
0000001110110101010100100
0100101010000100001011100
1111111100010111011000000
0110111110111100110010100
0000111101011010001010111
1111110100000100001101101
1001101110100111010001000
1000000100100000010100011
0110000110010011000101111
0101011011100111101000101
1011010010000011111000101
0010011010011001111000011
0000101100100011000100011
1000011111010010011101101
0110000100111001101110001
0011001010001000110010011
1101001111010000101010111
1000111101010001101101001
0000011011101110111010101
