0100000111001111101001111
0100101101011100001010010
1110100001010010001001100
0100011100011000001001101
1011001110110011010011001
0000111111100110110100001
0010100001110100001010010
0001011111000000000111001
1100101000101011111111011
0011100111111111101001010
1100111000011101110000111
0110010000110000011011001
0000111110010011111000101
0100110010100101101111110
0010110011101001100000100
1011100001001000100010001
1001000100010101111000010
0000110011100110110100011
1000000111000110001011001
0111001011110011010001101
1110011010100001010111100
0001001000110010011100000
0101001110010110100110010
0001111000100111001100000
0001110010001000010001011
1011010101000110101101001
1001100111000100111100101
1001010001001011111101111
0110100101001001100100010
0011111111110011111111100
1010011000011111111100011
1001000100101001101011010
0100111110101110101100101
0101000011100000110001110
0000100010110010000100101
0101001110110101110010000
1100101111010011000100000
0010100111010110010100001
0110100111100011110010100
1110101000100000111110101
1110001011010111110101010
1001010111101110100010110
1001100000101100010001011
0010011111101011100111010
1000111100001010110001100
0101010101010001110011000
0111110000001111101101110
0111100001000010011000000
0111010110011110001011101
1011111011100111110010000
1000011011001001010101111
1100110100000100110001000
1101011101111011010011011
1110011100100001100010001
1100110000101010100101110
0101001111011001100001101
0111011010111000111011110
1111100110101001110100001
0001000101000111001001110
1011000111011010101110111
1100001110001010111000100
0100010011110000111101111
0000111001010010101100011
0101110001100001111000110
