0000111110111100001111110
0000101010011100101101111
0110101001000011100011111
1010101000010110001110111
0110100101001101000010100
0111111010100010011000011
0111110000010100001110011
0111010011110001100110010
0100110000010011111100011
1100011011101101111010010
0101010101100111011100000
0010011100111110111110110
1111011100000110011110110
0111011110100001111011101
0001111000011001010110011
1101101000111001011110111
0010010000110111100000111
1101000110010011100011000
0101111010010100010110110
1111110010001100001100010
1001001100100111001001100
0001101011011000110110001
0001010111110101011111111
0101011100001111000111110
1110101001110100111000000
0101101010110100111011101
0011010011100010001100101
0101100011011000010010110
0010111010010111001011011
1110010011111001110101111
1011101101001001000010111
1001000001110010111110001
0100100110100011000001101
1101001001000110000110100
1001011100000001111110001
1101011101110011111000111
1010001101000011011011101
0110111110011110011101001
1100111011011111101111100
0000001011000101110100001
1111111001001011100001111
0011011110011100010111101
0010010110000111101011100
1011111110011010000000101
1000011010010101110100001
1000001100110101110100100
1000101010100110011011101
0011111110010101111000001
0010111110111100000010100
1000111011011010011010110
0111110110000100011101100
1101101000100111000001001
1000000010000010010100011
0010000010110011100101101
0101011111100101101000110
1111010010100001011000111
1010011110011011001000010
0100101010000001110100001
1100011001110010101101110
0010000110011011101110001
0011001010101010000010010
1001001101010010011010110
1000111011010001011101010
0000011101101110101010101
