0011100001010101001111001
1000001100100100001101000
0000100111001111111011010
1100001101101100110001100
1100001000010000000101000
0110100101001010010011011
0010100011001101011111101
0010000111101010100111011
1001100110111010100011011
0101110000010010110111110
1011000110111001001010000
1100110010000100101011010
1010000100011011010111100
1111100000111000001111011
1100011010100010111100111
1011010110010111100001010
1001000111101110110101000
0101000110101111100110011
1011110010111001011101011
1110110100100111011000110
0001000100101100001110011
1001110111110001100101001
1111001100101110001000111
1011000100100110101001011
1111111000111100010111011
0111011001001110101100010
1111010010011100111000111
0100111010110001001111101
0101100111001110011101011
1101100101100101111110011
1101110111100011100001000
1100101010011010101001111
0100100110111111000101111
1011010111001001101000011
1011000000011001111000100
1110000111011000000110111
1101000010101011001001011
0001000010100010111100100
0001100111000001101010001
0110010110101001111110011
1010011101000010011101010
0000000111110100101001000
0110001110111100010001000
0111101110000110101110001
0101001010001001110101111
1110110110111101010111111
0111111010101110010001110
1110110100101000101100111
0110100010110110101010100
1000100010000000010001101
1111100000101000011100000
0000110010001111010111001
0010001101111111111001010
0001111111001110011001100
0001010110011101111011000
1000011001011010000000001
1010000000110010011111100
0011000001001011110001011
1111001111111111000111101
0010110000000001101110001
0010110111000111100001100
1100010001111100100000001
1000011011111110101010001
0111101100100010101110100
