-1776667228-19628874-493854667196288664748483871355015037-376526525-1326736822210-4938546581101029426-907872712-9818459521104373774-1072339501100075725177595778613013568655637832046024466302939
-1035034395-58886624-1475010034588866031424545186-163862152-1991672167192851545929-1475010027-15927131945312109051349429458-981845950604910010-17876725322013267068422-727637984203507458746571291132
1189864164-17665983320996739176659835-21331706-34098466817000999112058006101392099674016867522-533469152-2466789151349429457-19065514001146116186-214328110141268-2127929326-2145126824-2055228877419
-725374785-5299795174203658529979516-63995089-5299795187465466531892882274223420365063995079-259250589-740036733-246678913-1379409126-2085742991-2134862847133819-742343001-2115299517-18875603191269
2118842896-1589938557200186931589938556-191985267-1589938551-20543769111383806295027200186881919852733129962462074857100-74003673320425006-19790720695746341878114582067938258566407426-14018064323816
2061561428-474848406571499346474848387-575955782-474848445-1406586896692759097385714993335759557851282927681192960402220748571001015086436-1574609726189164391013439219088474332051518328-34446156911465
1889716937-14245451965718119171424545186-1727867336-1424545066-200076123412017637864295718119111727867215-3313489271493844773192960401917278672077885188721409286482910320914315748771268177197-214072267534394
1374183484213316974553795-21331707-88863469921331797464047713570154372234553807888634432-7256076801865670391493844773888634434-1929435141-167927599227309638-242609-986922667-2019068229103213
-1724168576399508946167239-6399509616290632306399389346883596-129438864111046167235-16290644322118249959559701133186567037-1629064406-1493259481-7423487672928928-727030-812829533-2027394302309639
-517250607191985266137455160-1919852665922224011919858191352748201477354784024137455155-59222397620595102031679103430559701135-592223855-1887125792067937419112786800-2183142799730985-2047296819928931
-2757595578234611486-5759557821776667219575950727411544034049709090934611463-177667657118917100407423430041679103429-1776676723-557818474190448462068360416-6553328-1891721203-19140975672786803
-417278673341112285384-172786733610350343741727901598113086553817598890334121112285379-10350672201355016045-2067938253742343006-1035066281-169859958414147974622325081257-19629911-1468294211-15795117138360418
-4288863469182010189-888634694-1189864171888598120123857292118972885529820101771189765321-163923121-1908847435-20679382521189768745-800905907-58964960975243785-5895676915013009357618069125081261
-137-1629063225-17992170151629063224725374794-1629303228-1639596545-72508416238-1799217017-725417930-340992992-1431574998-1908847439-7254064781908770357-1771847658225731390-176668149685505722172741376975243786
-426-5922224101543660050592222403-2118842905-591574123113382051821203244622115436600612118177297-530513150242326-143157500021181450911851281328-5321439997677194183-5305131472034955960886454845225731390
-1268-17766672223019991041776667219-2061561413-1775194023128795788120575509570223019991112059430400-15926922147269882423252059532588196777003-159225433682031582548-15926922141779475000-1635409495677194183
-3809-103503437810739058461035034368-1889716927-10369635621548688445190708361521110739058551887455762-47812551421809817269911887761307-477900663-493854657271799780356-478125562-2088114172-5771825952031582550
-1148011898641651088970810-1189864171-1374183477120096954533559078613926916793610889707841350582300-1442772266654295021809821351511220-1442177638-147501002591104373768-1442772391-1957053738-17851524101799780354
-34390-725374800-729734994725374792172416861-792753733708551077-8345245636-729735005-24320393416867158196288666542952-240417455188809022099674113-981845950168670601755687123-9263356141104373775
-10321221188429051611292702-21188429075172505921933482276-1675238603-64325814231611292703-536149816419492365888660519628864-5292315824848298542036531313494294534195040010392359691501379221-981845949
-30963920615614122061561412-206156141321388169091-1905367096-19897796434262061561414-6771942065245154717665983558886602-690199664343299692001868910-24667891452450864-1205507306-19792440881349429456
-92893018897169251889716916-188971692811162904043-1391897073-17004548803221889716919-203158255737760706529979518176659835-2104187985295269875714993285-740036735377492741538918521644652187-246678914
-278679813741834561374183439-137418348043984487968-924142036-10684123025111374183446-1799780390792677381589938556529979515-17145597632389843775718119059207485710179233483-1549783647772291554-740036734
-8360426-172416863-172416981172416860133-126810299810518288871083577979412-172416989-11043739008748744744748483871589938556-17709305067331382324553792271929604016874779982-2057671176-19110103812074857100
-25081252-517250607-517250990517250593416609311120-2144147359-961919689310-51725098098184551544466125414245451864748483851133689675114509798146167236121493844775444876681-1919073920-13794091221929604019
-75243777-9-127931270-1349429447-592223287152881422258-1270-1349430520-1935709294-213317061424545186-992531711-18645740291374551555186567033-1936636108-1507395079204250041493844773
-225731386-13-382293818246678926-1776665786-752902727216-3818246677769104497264-63995090-21331704133217716613920379223461146305597011331017132901399189371015086436186567036
-677194189-44-114894211459740036693-1035039725-1256274426212-115047400366677573913-191985268-63995093-379180932-2159374411122853791167910343178654515535142081727867335559701134
-2031582558-137-3451513134394-20748569681189831729133147535328-34527-207485717687987659-575955782-191985266-734357006-126901432820101762774234300371311466820101768886347021679103429
-1799780367-428-103336423103208-1929603615-725468389-303723397212-103342-1929640867-2135121652-1727867335-57595578321092101711884162443-17992170248-2067938256-2067759086-1799217016-1629063189742343006
-1104373786-1270-3107551269309636-14938459702119059436-2051171176011-310769-1494154159724884263-888634699-17278673331964174299-68475743154366006012-19088474366417756191543660082-592222277-2067938252
981845926-3836-9295213819928928-1865665322062467247-166062685756-929520-18657637414887853471629063231-888634696-1890919285-3710033293019991119-14315749991893737996301999238-1776667638-1908847439
-1349429465-11467-2797051114582786803-5597061831887987532-48336153229-2797041-5619624836997932545922224011629063229-1383970378-16833575581073905850624232713528274381073905948-1035033586-1431575000
246678941-34398-8361960343938360418-1679135644136891387158015513705-8361983-168608305320582298131776667218592222400-1031132868189490177310889707891072698930044163810889719851189866509242325
740036715-103227-2514732710320925081256-742314597-188311798-105095857012-25147308-763360768-187359010310350343741776667217-643906693-221464479-72973500382180979-780132182-729731509-725384073726990
-2074857095-309646-75282822309638752437902068218433-447227824-8866223159-752828302063735496-1535633012-1189864171103503437315161278211494168631611292690965429521627529686161128776521188106972180982
-1929604009-928955-2263899259289292257313891908973555-226389952-17422694641-2263899521887604824564665221725374794-11898641683454744371282927693206156141322196288661908847424206152706520615980596542952
-1493844783-2786811-67945625427868006771941811434360879-679456256-63142984458-6794562481426067487-1541413973-21188429057253747942034192718-3313487871889716931275888660214315750001889753577188995667619628864
-186567026-8360430-203843122783604172031582550-8135547-2038431197687841248326-2038431223-2031615956740270784-2061561413-211884290439175194-72560792513741834479176659834-2423591374476691137404738058886603
-559701126-25081260-1803484577250812561799780352-24486502-1803484462-162802088432-1803484589-1800372174-2074138945-1889716928-20615614124452384062118249947-17241699029529979517-726981-172553088-174873261176659835
-1679103439-75243788-1174366472752437851104373775-73229948-1174366383-1596453212211-1174366478-1106472832-1931619395-1374183477-18897169293465192102059512240-517250984221589938556-2181108-519969366-514527173529979514
-742343006-225731389847348865225731391-981845951-21965756084734783198172968627847348865981729676-1500091865172416861-13741834799819717131891703871-126710474848387-6543082-8361239-250812591589938557
2067938269-677194195-20216324506771941821349429459-695642773-2021631805-1366272985422-2021632471-1366272987-171263636517250592172416862-13655562561355018205-3818241424545187-19632097-25082692-75243778474848385
1908847425-20315825551111491922031582548-246678916-205664782911116038520473552628111149191204735500-5850361042517250596202720117-163869334-114938-21331708-58895821-75238896-2257313561424545186
1431574992-1799780357686818541799780356-740036734-1640097149687160666055527682968681852605552652-1855097534110612095586-340984159-3452512-63995095-176660349-225764833-677194052-21331703
-242323-1104373771-208010817111043737682074857101-1581625459-2080013734-214328099237-2080108170-2143280892-8666875284211-2123652543-530045822-1033379-191985265-530045804-677165678-2031582453-63995093
-727002981845933142902302-98184594919296040231682001621142622093-214380929139142902282-214380850162957214613239-2084921907-1589950968-3107739-575955781-1589950952-2031337633-1799781624-191985265
-2180973-1349429470-150044159213494294531493844773-1277375582-1499514702-1565512016027-1500441583-15655156951837699048416133-1472742110-474987653-9295160-1727867336-474987701-1799902958-1104373480-575955783
-654297524667891777595798-246678914186567038151603203576185971-16105434162977595779-1610538488292813161270418-1080558977-1424676216-279705222-888634693-1424676346-1106888180981855092-1727867333
-19628876740036726201326712-740036736559701132-760835728209686929107561112201326705743401703028638181269159001268716805818-836197810162906322516805397989483079-1349398153-888634696
-58886598-2074857103-2143281092207485710116791034302021372506-212660490363044413212-2143281100629411944268841111459381652939688241962659-25147311759222240341961564-13600766422467816121629063228
-176659825-1929604026-213486283919296040167423430042020744650-206800766754824871311-21348628485453981718665088334394114651470686083184637593-7528283261776667218184637049180927502739813883592222401
-529979505-14938447825746341771493844775-206793825420697662507919605645755412220557463418657462869757696823210320834394-587554237570436744-226389949231035034369570425425560103361-20744689121776667216
-1589938542-1865670331891643923186567033-190884743618436507511486691271162625246428189164390516234663241200325441309637103213-16622790601184925273-67945624326-11898641711184890894-1406428028-19321278131035034372
-474848398-5597011291409286492559701133-14315749983635368417565137993383973515261409286482341055823123898314928929309638-52254700081892140-20384312222272537479381788937-175937096-1500893892-1189864168
-1424545194-1679103438-16792759991679103430242326-84712952-257019864-1617235731213-1679275992-1629207208-164157165227868029289301129306619-1801142719-180348459211-2118842908-1801451574-846511756-174095569725374794
21331707-742343007-742348755742343003726988-259250590-1844199378-65770259734-742348766-592420807-2085167283836041827868021169339912-1674695790-117436648013-2061561414-1675622598-1323409527-622886280-2118842904
6399510220679382442067937409-20679382552180981312996247-1103626037-1687268426112067937419-17766685391287949521250812568360419156150636530477526384734886911-1889716928301991338333305869-1767995130-2061561412
19198527119088474361904484623-190884743665429501282927689569018842-363787938501904484618-1039392624-16390807857524379025081261-1558861657-2105568817-20216324709-1374183480-2113929180-476757009-73558171-1889716929
57595578614315749951414797469-143157500019628867-331348797-152463695210710625272261414797462118701276813805048652257313897524378717037374491320358861111491861617241686011114919071508015439143067-1374183479
1727867328-242324-5896495524232658886604-725607903798993315-109003771228-58964960-733929421-88440527677194180225731390-11132655678134974686818521351725059367108921-2136619956444648265172416862
888634697-726991-1771847557269891766598342118249943-1898205555899353102113-1771847661950900758-12689734920315825516771941831241070855154424108-20801081739271315482171793861344420826517250596
-1629063224-2180985-53214399121809785299795192059512126-1823782090-152501497329-5321439951616913931-5989637017997803522031582551-646694123549301638142902285129148931648-15739529929818903471
-592222403-6542955-1592254333654295215899385571891704023-133012570188408891457-1592254335539116165-49605599110437377517997803551865210331505228237-15004415911143547391634-1500338531-134884533811
