0001110001110001101100110
1111010000110011101110110
1010101000101010000111011
1011110101101010101110111
1010101111100000001001010
0101101101001111110110011
1001100111101110111110110
0000100110101111010101100
1100100110011110100110111
0000001100010111101101000
0100101111011100111001101
0001110100000000101100101
1001001101001000111100101
0000101000001001110010000
1000110101010110010110110
0010100101010010110110110
0100110110101010001110001
1010000010111101010000001
1001100101011011011100110
1101001111100111111100110
0110011001111000111000001
1011110100010111010011110
0000110011011001111111100
1000101001110000011100101
0111000100001110101001010
0011100000011011111010010
0101111111101011110011101
1011100111010011010101010
1000110001101111101110011
0100000010000011000111100
1010011101100000010111010
0011010110011110110011101
0110101011111001000010011
1011001101111010011001101
1000011100011100110010100
0100000100011000110111001
1010011001001000100011001
1101100001000101101010111
1000000000110011101001111
1110111100011111001011100
1100001000100010010111011
1001110001000001011010100
1000111010101001101000001
1101010101100001010010011
1100010100011111001010100
0110010100011000001000100
0011011001011011101010011
1100110100001101111010010
0001110101100001001000010
1001010101010011100101011
1101101011001001111000110
0110001001111110011010011
1111011111011111000110101
0110110010101011000010101
0100101100111001111101000
0100001111001011110110000
1100010101100101100100001
1110101100011111000010110
0101000000111010100101101
1010110110100101100010101
0011111101100111010100001
1011010101011000110101001
1100010001011111100101110
0001011100110000101011001
