0001000010011101100011110
1001001101100001000111100
1010100001000001001100000
1000101010000110111100101
1010010100010000001101101
0011001011001000101100001
1101010110001110000011111
0010001111100010011101001
0110110110001011101100000
0110100011110010011110100
1101100110011111100010000
0111011001111001000001110
0001101110011111000100110
0000011010111101100000011
0101010100011011110101001
1110011011101001001101101
0011101011100110110111010
1001000111110100011011100
1000100010101000111100011
0110000100001100000010001
0111111110111001011111010
0011000010010100110000101
1101100001011111011001001
0101001011101110011111000
1101000010000011101010100
0000010011011011010101001
0101101000111001101110101
1000011110001010101111110
0100100111100000001100111
0101010011111000000011101
0001111011101101100100111
0000001001010010110001101
1101110110000000111000100
0101110101101100001000000
0011011010101100001000100
1111111110101000011111000
0000111110011011110011001
1110100010011010111100101
1110101000111011000001110
0001011010010110111011111
1110101011001000111000110
1111111110110100110001101
1101010011101000100101010
1101011100001100011011111
0100001101000011101000101
0011111101000100110011001
0111000000001000010001101
1101111001101011000110101
0000100010000110101011100
0000011010100111001000001
1001111000010011000111110
0001010111111011100111100
1011001111101010000000100
0011011010011110011111111
1110100001000000000010001
1111101010111100111011001
0110011011000101001010110
0011010000111111010001001
1010001111100000100010111
1100000110111101001000011
1010110001111000000001100
1011101000010111010101110
1001101110101011101100111
1100000000100001100001000
