101000011000010110011010
000011100110011001101011
110101101000011101000010
110001101110111100111101
101110111110010011101111
011001100001100110111000
011110110010001000001110
000010010011000000011100
101000010111111100011101
100001100000110110011010
001010110000010100000100
001000011010111111111101
101101001100101001101001
011100100110000100101101
010101111100011010011011
010111111110111101010001
111100111010010001011100
000110100111101111010011
011000101101111101101111
110001000111100001011000
100101111000110000101110
011010110101010001000110
010111000100010111001100
000000110001110101111001
000100010100011000011101
010111010010000000010111
001000101001110110111101
100000000000100001001000
010100001110111110001101
000000101100011100101111
110100010111100101111110
101100000100000101101100
111010011100110110000110
000011001111011110010111
000001000001010001010110
000011111010010111101010
011100011000010010010110
100001010010110110001111
101010001100101001101000
111000001010100000111011
101010111100011100001000
010010100101101011011111
010101001110110110110001
101111101011010110000101
101000100100011100111010
010010101111110010001000
101101101101100001010011
110110101100111000001001
001011001010110001111011
111000010010111011100101
111011011101111110011000
010111111110001010011011
001111001000100000001001
110011101111111011001011
001010001110011111001100
101011010010010101111100
101011101111011111010011
000010011111111100000000
100011010101101101001010
011100101110101111111001
110001001001111010110011
010100111101100010000010
110000101011100100011010
011100100110000101000100
