1101011011011000110011101
1101011101111010101100000
0011010000110000010000111
1010001111001011010010010
1110001001110010011010111
0010100001101110000001010
1001101101000000110001110
1001101001101111011001110
1110110010011001111111111
0000100101010001111110101
0111010000011110000110110
1000111011110101011000110
0000000000101100101011001
1111110101010101001010010
1100100001001110100101010
1001100010011100100011000
1001111101111011100101111
0101111101111010011111110
0011000001001000011110000
1110001101110110101100101
0011110110100011000000000
0000111000001000011101110
0111110010011000011001000
0010100000100001011101000
1000111100100000000101011
1001010101110100010111111
0000111000111010011010001
1011000010011110111010001
1111111101110110101111000
0000010101010000010011100
1000000000101011001010011
1110001001010100110010010
0100000111011000111101001
0111011111111110000000000
1110101110101111101100111
1111000010000000000000100
1100101011111000100011100
1001101001001110001011010
1000001001010100000010010
0010001010010011110010000
1101010101011100100001001
1101100000111000110011100
0000111101001100101100001
1110101111000100010001001
0110111000110100000001101
1100110001001101101100110
1001000011100010100110000
1111101101111001111100100
1100101001111111001010011
1101111110111100100100100
0100010110111000001000100
0111100100010100000011010
0100110011101100101001011
0010100001001010011001001
1110010110110010101011010
0011110111000001101111011
0010010000100001001100011
1010010010001100111011101
1000101000100100001110011
0100110001011101111110000
0101000101001000001001100
1011011000011111000101110
0000001100000011001111010
0100101000111101001101011
