1100110110111110100110111
1001111110000000101110010
0001110001000011000111101
1000100010111000010010111
1011101110111000101001011
0110000110010100000001000
1100001110110110001101110
1011001101010000000101111
1001010001001011010110000
0111001101011110000010100
0111111000010001010110010
1100011100111011010011100
0011101111000110110001001
1010010010000110110011101
1111000101110100010001011
1010001011000110000101001
1001011111111000101000011
0001011110110000110100010
0100100000110011010011000
1010100111111101101001000
0101011111101000000010100
0001011001001110101100110
0011011110110011011101111
0111000110001110000010101
1110010101100111101100001
1000110000010111101100000
0001010110110101110111100
1110100100011100100011001
1011010010110000010100101
0100110000010110001010000
1011100101000001100111111
1001101010001110110111101
0101100001010110110100100
0000110110101000011101010
1011001111000001111111101
1011101110101011011100101
1011001010100011010110110
1001001011010000100000001
1110101110101011010100101
0010100100110100101110111
1011111010001111110010111
1101001010110110000001110
0100010101011010110001000
1110001111010111011101010
0110011011010110111011010
1101010011100110000111101
1111100011110100010110101
1011000100000111010101110
1010001111001000011110111
1000010111001110110110010
0111110100110011111001111
0101000110110010000011100
0000010011011110011101001
0101001110111100010011011
1101111000101000011011111
0100010010010110101100001
0011111111000010010000111
1110110111111011101000010
1110001110111110111000001
0100010000110110011101100
0110100110101010011001110
1111111001010001110111110
0110100010100100001111111
0011001011000010111110111
