1111010001110000111010000
1010011001001110110010101
0010010110001101011011010
1011000101110110001110000
1000001001110110110101100
0101100001011010011101111
1111101001111000010001001
1000101010011110011001000
1010110110000101001010111
0100101010010000011110011
0100011111011111001010101
1111111011110101001111011
0000001000001000101101110
1001110101001000101111010
1100100010111010001101100
1001101100001000011001110
1010111000110110110100100
0010111001111110101000101
0111000111111101001111111
1001000000110011110101111
0110111000100110011110011
0010111110000000110000001
0000111001111101000001000
0100100001000000011110010
1101110010101001110000110
1011010111011001110000111
0010110001111011101011011
1101000011010010111111110
1000110101111110001000010
0111010111011000010110111
1000000010001111111011000
1010001101000000101011010
0110000110011000101000011
0011010001100110000001101
1000101000001111100011010
1000001001100101000000010
1000101101101101001010001
1010101100011110111100110
1101001001100101001000010
0001000011111010110010000
1000011101000001101110000
1110101101111000011101001
0111110010010100101101111
1101101000011001000001101
0101111100011000100111101
1110110100101000011011010
1100000100111010001010010
1000100011001001001001001
1001101000000110000010000
1011110000000000101010101
0100010011111101100101000
0110100001111100011111011
0011110100010000000001110
0110101001110010001111100
1110011111100110000111000
0111110101011000110000110
0000011000001100001100000
1101010000110101110100101
1101101001110000100100110
0111110111111000000001011
0101000001100100000101001
1100011110011111101011001
0101000101101010010011000
0000101100001100100010000
