1100101101010111000110111
1010101100100100111011100
0100001100100000111011001
1111011000110111000110110
1000110100010110110110110
0100001001101001100101110
1010000010111000100100001
0111110101100100100000110
0111110101100011000000011
0001011110101110111101111
1000101110011011101111110
1001101111111011011010111
0000011010110111100110101
0001100011100101011100101
0010101001011111011001100
1100100011111101101010101
1111011110010100011111000
0110001100101111101100110
1100111111100011000110101
1110000110110110011111010
0101101000110101010100000
0100110000001011010100001
1010110000110001011010101
1011101110010101001110001
1000000000011100010101101
1000010100001011001011111
0110101101110111010111110
1110011101000000100110100
0110001110000101011010100
1100001010001011011001001
0011011001001111100100000
0110100011100010000001101
1010101100011011111001011
1000001111110001110011000
0011101100110011011110110
1010100101100001110000001
0100010110110010100111011
0000101000111111000101010
0100100011010100010011111
0011011101010111001000010
1000011111101101111010111
0100111001101011000111101
0000111000001011010110111
1000110110000100011010101
0100110001011011110010101
1101101011110111100000111
1010000011000001111010010
1101100100010111011001011
1111111111001110011000000
1100011010110110011001101
0010101010010000100110101
1010011111100110000011101
0100111100011110010010001
1000110001010101011100110
0100100111111001100011000
1011111110110110101010001
0011110011101101000110001
1100010000100101011000011
0110010001100111011000101
0001010010111010111111001
0010011010000011001101101
0011100010101001101101010
1111011100010100010001000
0111000101111111111101011
