0111101010000100011101000
1111100010100010111001110
1001101010100010110000100
1001100100010100011010110
1000110001100101001001010
1000000001101110110110110
1100111000001000011011011
0100000010110010101011101
0110100001110110110001111
1110100111000001001110011
1101101010010111001101101
0001110101001100111011000
1111000001000110110111100
0111001110100101010100101
0111001001111110110100000
0100000010110100111000001
1010100010111010001001011
0110000111000100011101001
1001100111110011100001100
1110100100010000100100110
0010111011001100011000111
0110100011110010101101101
1011110110100000001010101
1101100001100001010100101
1111000000111100000011000
0101100000111101011001101
0100100110110101011111111
1101000100101101101010110
0011100110101100111100100
0100000101101111110001011
1100011011001111011100100
1011010010110100110110010
1100011011000011001000100
1010110101010000000001100
1100001010100111000111000
1001101010000011110111110
0101010101111111001101001
0011010111000110110110001
1000100100000111111001101
1011010010000110001000101
1111100100001011001110101
1000100101001110101010111
1001111110111011000101100
0001011000010101000111110
0001100100101101110101011
1010010011000101100000101
0110000101110010111101000
1101110001001110100110001
0100110000001000010001111
1010011000011010111011000
1111000010010011110110010
1000111010011100111000110
0110111000111011101001000
0100110111100011001110011
1011011111001100100000011
0111011001001011111010001
0100001001010100000100001
0101111111100101011001100
0010101010101000100110011
0100001110101101111010010
0111101110001011111001000
0001011110100101101110000
1011110010101110110100111
1110101101100000100100111
