1011000100000001101110111
0000111001100110011010110
1000010000010011111001111
1010010111110111111110110
1010001100100010110111100
1110001000111000101100000
1101111000001011010001001
0100101100100000100110000
1101001011100011111110101
0101100011111010001001111
1100110000111100110010100
0110001110111111011110011
1000110100000100000110101
0010100010110111100110001
1010000001111011011101000
0000010100111001111001001
0111111111000111010001000
0101100001101011010101110
0100101110010101001111011
1110110100110010000010100
0011101011100111011101000
1100011000111111000111001
1001101001110100010000001
0011101011010011000010101
1011010001101111010101111
1010101010011101111110001
0100000110000101011110110
1010100101000010000110100
0111100110100101110111110
0010101110001101011111011
0000111110001110110000110
1110101010010111110110011
1011001100011011001100111
0001010000110001101001100
0101011010000000111100110
0100010111110111011111101
1011111111110111000010101
1100011100111101000010110
0101011100110101100101111
1100100111100010011010010
1000101011001111010010101
0001000010001100011010101
0100010001101001100100001
1010111000110001101001001
1100000101011111111111001
1011010100000011011101111
1000111100010110001000000
0110111101100011011000101
1111001001011011110001100
0000111001010101001110111
1000111011000111010111101
0000010100110100001011101
0110111000011100101011001
1110111111110110100010010
1100111111011110000000100
0011000111000010010001011
1100010110101101000001011
0110101011100111110001101
0010000000110000000100001
0111101010101001111010011
0010101111100101011011011
1100111100111111101110110
0110111111010010010000000
0000000111111101101000111
