0100001111001010000001101
1100000101100110100101001
1000001111100110101000010
1000000010011110000110101
1001110011100011000101111
1001000110101000101110101
1110011101000100000111110
0110100101111000111111011
0101100110111100101001000
1101100000001111000010000
1111001111011101000001011
0010010110000010100111101
1100100110001000101111010
0100101001100011011000011
0100101100110000101100111
0110100101111110100100110
1011000101110110010101110
0101000000001010000001100
1000000000111001110101010
1101100010011010110000001
0001111110000010000100000
0101100100111000111001011
1010010101100100010110110
1111000110100101011000011
1100100111110010011111101
0111000111110011010101011
0110000001111111010011000
1111100010101011111110101
0000000001101010100000010
0110100011101001101001110
1110111110000001010000010
1010110001111110101110001
1110111110001101000100010
1011010110011010011101010
1110101111100001001111101
1000001111001101101111001
0111110110110001000001100
0000110100001000101110011
1001100010001001100101011
1010110001001000010100011
1100000010000111000010110
1001100011000000111110100
1000011001110111001101010
0010111101011111001111001
0010000010101011101101110
1011110000001011110100011
0101000011111000100001101
1111010011000000110010011
0110010010000100001001000
1011111101010110100111101
1100100101011001101110001
1001111111010010100100001
0101111101110111111101101
0110010100100111000010000
1010111000000010110100100
0100111100000111100110011
0110101100011110011000110
0111011000100011010101010
0001101111101110110010000
0110101001101011100110001
0100001001000111100101101
0010111001100011111010010
1010010001101000101100000
1101101011100100110000000
