0111101000000100011101010
1111100010101000111001111
1011101000101000110100101
1011100101010000011010011
1010010100101101011001000
1010100001100110110010010
1101111010001010011011001
0101000010110110100011100
0110000001110010110101111
1110000111000001011110111
1100101000010011011101100
0001110001001100111011010
1111000001000110110011101
0111001110101101000100100
0111001011111110110000000
0101000010110000111000000
1000100010111000001001001
0110100111000100011101011
1011100111110111101001101
1110000101010100101100110
0010011001001100011000111
0110000011110110100101100
1001110010101010001010001
1100100001101011000100100
1111000000111100000011010
0100100000111101001001100
0101100110110001001111111
1100000101100101100010010
0011100110100100111100101
0101000100100111110101001
1101011001001111001100101
1001010110110000110010110
1101011001000011011000101
1000110001010100000001101
1101001000101111010011010
1011101000000011110011110
0100010001111111011101011
0011010011000110110010100
1010000101000111111001100
1001010110000110001000100
1111100101001001011110001
1010000100001110100010011
1011111110111001010001101
0001011010010001010011110
0001100101100101110001001
1000010111000101101000100
0110100100110110111101010
1100110100001110101110100
0101110101001010010101111
1000011010011000111011010
1111000010010111110010110
1010011000011100111000110
0110011010111001100001010
0101110011101001011110111
1001011111001100101000011
0111011011001001111010100
0101001011010000000100001
0100111111101101001001101
0010001000100000101110111
0101001110100101111010110
0111101110001001111001010
0001011110101101100110101
1001110110100110110000111
1110001100101010101100110
