0111100000000001110101000
1010110001100101111001110
1000001100001000111100001
1000100101101011101110100
1100100001101101101110110
0001111101100010111100011
1001110111011001010000100
0100010101010100101110011
1000100000111011011110011
0100001000100001010100101
0000000001101110010111110
0000111101101010101110100
1011101000111110100010011
0001111000110001000110100
1010000010001010100110101
0101111101110001010001101
0000110111110010110110001
1010100111001111100110111
1111101000011000110110110
1101011111011010000011001
0001000100011100101100010
1011011100011011001110100
0010100001001000011011101
1100000011010000100011011
0010010101000110001101100
0101001001111111011110101
0000010100100011110010110
1011110100000001101001010
1110010100101010100010011
0010111101110111110111110
1010011000011111111100011
0101111101011010001100011
0000110110111110001101101
1010011101011101001010000
1100011011000001100011100
0001000110100101010011000
1110001010011001010000101
1001110001111011001110111
1100110011001010100000000
1100001101101010101010000
1001100100001001001000101
1000010101101010101010100
1111001101110110100100110
1111100100011100001000001
1101110110011110011000110
0000011111000101011010010
0101010101000101111001011
1000111111111111100011110
0010011100001010100010111
1110110001110011011011010
1110110110010011100000010
0100000101100111110111001
1101011101111011010011011
0100001000001000110000101
0111100110000111111111000
0101001111011001100001101
1110101001011111110101101
1111100110101001110100001
0011100000001101011101011
1001100010010000111010010
0000110111111001011111101
1101100000010111110011100
1010101101111011111110111
0011011100111011001101011
