0000101100101101010111100
1011111001011110101011101
0111010011100111100010100
0010011000000100000011100
1011110110000010010101111
1110100000011100010101000
0010001001100111100000001
0100000111101110100111011
1000100010000000101100001
0001000111111000000000001
1010101100010001101110000
1110101011010110001001110
0110000001100001011101100
0100001010111000100001100
0000100001010100100011011
1010011010101001111101111
0000001010111010110101101
1101110111100001011011001
1010000001100011010001110
1100100111110001010011010
1000010011100100110101111
1101110111100011011000001
1101100101110010110101100
1010100101101100001101100
0000110101001110101001001
1111010011010010110010110
1000001001101100001101110
0110110000011111001101110
1010000110110100110110010
1011100111101101110111100
1101110100000101100000111
1001010001100110010100010
0101110100010111110001110
1100110000010101101010110
0100001101001011011101000
0111000110111000001111111
1110011010110001110100110
1101001100000100101000010
1101000011100001111011110
0111011010000011001001011
1110100011100100100100110
1011100110100010010111110
1011100000011110111001111
1100101101010100110101100
0100100000100001010010010
0001010010101011001000111
0011110100111000111110101
1110100001100010101001011
0000100101000110010110100
0011100001111100000110100
0101000111001110000000100
0101110101101001111001011
1111011001000101010011000
0100010001010000110111111
1110001001001011011010100
0111001100110010000001101
1101001011010110110011000
1001010001110001010101011
0111001001000001100000101
0011110001011011110010001
0001010000100011101111000
0001110101101100100110101
1000100101110110111011010
1000100111010010000011100
