1010100110110010100111111
1001010001110110011101101
0001000001010110011011001
0110110110110001010110111
1111100100100010001101111
0000100011011000111110010
0010011000101010011000010
1100110000000011111111100
1100110110000011110011000
0101101101011111011101110
1010101111111100001101011
1011101110111101110101001
0110001110010010011100111
1001001010000111110100110
1011010111011110100100100
1010001010101110111110101
0111011001110111000011111
0000110110011110011111110
1100001110110000110111011
0011111101100100010011111
1011000010010011010010110
1101000110001010000010010
1111010010100100010100001
1010011010110111000001111
0011000001101000000100110
0100100111101100000101001
1011110111010000110111111
0100010000110010101111011
0001011010010100000111101
0001001111111110000010000
0100010110011011101000110
1000011101000000110110000
1011110111111110001001000
0011001011110010111001001
1011110110010111010101011
1001010010100000111001000
0110101101000010011011011
1010100111011000010000110
1011101001000000100110101
0110110110010111100001100
0101101010111100111101101
1100000111011000110110011
1101100110011010000100011
1101001000100110000101101
1111000110001010101110001
1010101110110011111110100
0001111010100110101000001
1011100111100101000011100
1101011100111101100011100
0111001101110100010110100
1010011000010010001100011
0100011101110000110101101
1111000100011010000011101
1111100010100110100100110
1010001011001000111011001
1110011100110101011001101
1100011010001011110000111
0101100010100110010010100
0101010110000100110110100
0111001101001111011000011
0100011111010100000100010
1000111011001111011000010
0111010001110011000011100
0011110111001111111011110
