1001000001111100111011000
1010110110111000000001010
0010100110011000000111110
0101010001111111001010000
1100000011101100010001000
0011000100010110100010101
0001111111100100000100101
1111010111001101100011011
1111010001001101101111111
0110001010010001000001001
1001001000110010010001100
1000001001110011101001110
0101101001011100000000000
1010101101001001101000001
1000110000010000111000011
1001101101100000100010010
0100111110111001011111000
0011010001010000000011001
1111101001111110101011100
0000011010101010001111000
1000100101011101001110001
1110100001000100011110101
1100110101101010001000110
1001111101111001011101000
0000100110100110011000001
0111000000100010011001110
1000010000011110101011000
0111110111111100110011100
0010111101011010011011010
0010101000110000011110111
0111110001010101110100001
1011111010001110101010111
1000010000110000010101111
0000101100111100100101110
1000010001011001001001100
1010110101101110100101111
0101001010001100000111100
1001000000010110001100001
1000001110001110111010010
0101010001011001111101011
0110001101110010100001010
1111100000010110101010100
1110000001010100011000100
1110101111101000011001010
1100100001000100110010110
1001001001111101100010011
0010011101101000110100110
1000000000101011011111011
1110111011110011111111011
0100101010111010001010011
1001111111011100010000100
0111111010111110101001010
1100100011010100011111010
1100000101101000111000001
1001101100000110100111110
1101111011111011000101010
1111111101000101101100000
0110000101101000001110011
0110110001001010101010011
0100101010000001000100100
0111111000011010011000101
1011011100000001000100101
0100110110111101011111011
0000010000000001100111001
